Build started 3/31/2015 2:38:53 PM.
     1>Project "C:\Users\steveny\Downloads\CSE167-Spring-2015-Starter-Code-master\CSE167-Spring-2015-Starter-Code-master\PA1.vcxproj" on node 2 (Rebuild target(s)).
     1>C:\Program Files (x86)\MSBuild\Microsoft.Cpp\v4.0\V120\Microsoft.CppBuild.targets(388,5): warning MSB8028: The intermediate directory (Debug\) contains files shared from another project (Cube.vcxproj).  This can lead to incorrect clean and rebuild behavior.
     1>ClCompile:
         C:\Program Files (x86)\Microsoft Visual Studio 12.0\VC\bin\CL.exe /c /Zi /nologo /W3 /WX- /Od /Oy- /D WIN32 /D _DEBUG /D _WINDOWS /Gm /EHsc /RTC1 /MDd /GS /fp:precise /Zc:wchar_t /Zc:forScope /Fo"Debug\\" /Fd"Debug\vc120.pdb" /Gd /TP /analyze- /errorReport:prompt Camera.cpp Color.cpp Cube.cpp Drawable.cpp DrawData.cpp Globals.cpp Light.cpp main.cpp Material.cpp MathTestBench.cpp Matrix4.cpp Sphere.cpp Texture.cpp UpdateData.cpp Vector3.cpp Vector4.cpp Window.cpp
         Window.cpp
         Vector4.cpp
         Vector3.cpp
     1>Vector3.cpp(133): warning C4244: 'initializing' : conversion from 'float' to 'int', possible loss of data
         UpdateData.cpp
         Texture.cpp
     1>Texture.cpp(88): warning C4996: 'fopen': This function or variable may be unsafe. Consider using fopen_s instead. To disable deprecation, use _CRT_SECURE_NO_WARNINGS. See online help for details.
                 C:\Program Files (x86)\Microsoft Visual Studio 12.0\VC\include\stdio.h(211) : see declaration of 'fopen'
     1>Texture.cpp(105): warning C4996: 'sscanf': This function or variable may be unsafe. Consider using sscanf_s instead. To disable deprecation, use _CRT_SECURE_NO_WARNINGS. See online help for details.
                 C:\Program Files (x86)\Microsoft Visual Studio 12.0\VC\include\stdio.h(304) : see declaration of 'sscanf'
         Sphere.cpp
         Matrix4.cpp
         MathTestBench.cpp
     1>MathTestBench.cpp(107): warning C4305: 'initializing' : truncation from 'double' to 'const float'
     1>MathTestBench.cpp(228): warning C4305: 'initializing' : truncation from 'double' to 'float'
     1>MathTestBench.cpp(231): warning C4305: 'argument' : truncation from 'double' to 'float'
     1>MathTestBench.cpp(242): warning C4305: 'initializing' : truncation from 'double' to 'float'
     1>MathTestBench.cpp(245): warning C4305: 'argument' : truncation from 'double' to 'float'
     1>MathTestBench.cpp(287): warning C4305: 'argument' : truncation from 'double' to 'float'
     1>MathTestBench.cpp(324): warning C4244: 'initializing' : conversion from 'double' to 'float', possible loss of data
     1>MathTestBench.cpp(532): warning C4305: 'argument' : truncation from 'double' to 'float'
     1>MathTestBench.cpp(549): warning C4305: 'argument' : truncation from 'double' to 'float'
     1>MathTestBench.cpp(566): warning C4305: 'argument' : truncation from 'double' to 'float'
     1>MathTestBench.cpp(584): warning C4305: 'argument' : truncation from 'double' to 'float'
         Material.cpp
         main.cpp
         Light.cpp
         Globals.cpp
         DrawData.cpp
         Drawable.cpp
         Cube.cpp
         Color.cpp
     1>Color.cpp(60): warning C4244: '=' : conversion from 'double' to 'float', possible loss of data
     1>Color.cpp(64): warning C4244: 'argument' : conversion from 'double' to 'float', possible loss of data
         Camera.cpp
         Generating Code...
       Link:
         C:\Program Files (x86)\Microsoft Visual Studio 12.0\VC\bin\link.exe /ERRORREPORT:PROMPT /OUT:"C:\Users\steveny\Downloads\CSE167-Spring-2015-Starter-Code-master\CSE167-Spring-2015-Starter-Code-master\Debug\PA1.exe" /INCREMENTAL /NOLOGO kernel32.lib user32.lib gdi32.lib winspool.lib comdlg32.lib advapi32.lib shell32.lib ole32.lib oleaut32.lib uuid.lib odbc32.lib odbccp32.lib /MANIFEST /MANIFESTUAC:"level='asInvoker' uiAccess='false'" /manifest:embed /DEBUG /PDB:"C:\Users\steveny\Downloads\CSE167-Spring-2015-Starter-Code-master\CSE167-Spring-2015-Starter-Code-master\Debug\PA1.pdb" /SUBSYSTEM:WINDOWS /TLBID:1 /DYNAMICBASE /NXCOMPAT /IMPLIB:"C:\Users\steveny\Downloads\CSE167-Spring-2015-Starter-Code-master\CSE167-Spring-2015-Starter-Code-master\Debug\PA1.lib" /MACHINE:X86 Debug\Camera.obj
         Debug\Color.obj
         Debug\Cube.obj
         Debug\Drawable.obj
         Debug\DrawData.obj
         Debug\Globals.obj
         Debug\Light.obj
         Debug\main.obj
         Debug\Material.obj
         Debug\MathTestBench.obj
         Debug\Matrix4.obj
         Debug\Sphere.obj
         Debug\Texture.obj
         Debug\UpdateData.obj
         Debug\Vector3.obj
         Debug\Vector4.obj
         Debug\Window.obj
     1>MSVCRTD.lib(crtexew.obj) : error LNK2019: unresolved external symbol _WinMain@16 referenced in function ___tmainCRTStartup
     1>C:\Users\steveny\Downloads\CSE167-Spring-2015-Starter-Code-master\CSE167-Spring-2015-Starter-Code-master\Debug\PA1.exe : fatal error LNK1120: 1 unresolved externals
     1>Done Building Project "C:\Users\steveny\Downloads\CSE167-Spring-2015-Starter-Code-master\CSE167-Spring-2015-Starter-Code-master\PA1.vcxproj" (Rebuild target(s)) -- FAILED.

Build FAILED.

Time Elapsed 00:00:10.27
